::1 - [24/May/2016:19:06:21 +0800] "GET /docker.md HTTP/1.1" 200 2054
::1 - [24/May/2016:19:06:21 +0800] "GET /assets/css/bootstrap.min.css HTTP/1.1" 200 122540
::1 - [24/May/2016:19:06:21 +0800] "GET /assets/css/custom.css HTTP/1.1" 200 515
::1 - [24/May/2016:19:06:21 +0800] "GET /assets/js/bootstrap.min.js HTTP/1.1" 200 36816
::1 - [24/May/2016:19:06:21 +0800] "GET /assets/js/jquery-2.1.4.min.js HTTP/1.1" 200 84345
::1 - [24/May/2016:19:06:21 +0800] "GET /assets/fonts/glyphicons-halflings-regular.woff HTTP/1.1" 200 23424
::1 - [24/May/2016:19:06:21 +0800] "GET /assets/images/favicon.ico HTTP/1.1" 200 1273
::1 - [10/Jun/2016:22:50:28 +0800] "GET / HTTP/1.1" 404 14
::1 - [10/Jun/2016:22:50:28 +0800] "GET /favicon.ico HTTP/1.1" 404 14
::1 - [10/Jun/2016:22:50:32 +0800] "GET / HTTP/1.1" 404 14
::1 - [10/Jun/2016:22:50:34 +0800] "GET /index HTTP/1.1" 404 14
::1 - [10/Jun/2016:22:50:40 +0800] "GET /index HTTP/1.1" 404 14
::1 - [10/Jun/2016:22:50:40 +0800] "GET / HTTP/1.1" 404 14
::1 - [10/Jun/2016:22:50:41 +0800] "GET /blog HTTP/1.1" 404 14
::1 - [10/Jun/2016:22:51:33 +0800] "GET /docker.md HTTP/1.1" 200 2054
::1 - [10/Jun/2016:22:51:33 +0800] "GET /assets/css/bootstrap.min.css HTTP/1.1" 200 122540
::1 - [10/Jun/2016:22:51:33 +0800] "GET /assets/css/custom.css HTTP/1.1" 200 515
::1 - [10/Jun/2016:22:51:33 +0800] "GET /assets/js/bootstrap.min.js HTTP/1.1" 200 36816
::1 - [10/Jun/2016:22:51:33 +0800] "GET /assets/js/jquery-2.1.4.min.js HTTP/1.1" 200 84345
::1 - [10/Jun/2016:22:51:33 +0800] "GET /assets/fonts/glyphicons-halflings-regular.woff HTTP/1.1" 200 23424
::1 - [10/Jun/2016:22:51:33 +0800] "GET /assets/images/favicon.ico HTTP/1.1" 200 1273
::1 - [10/Jun/2016:22:51:36 +0800] "GET /example HTTP/1.1" 404 14
::1 - [10/Jun/2016:22:54:05 +0800] "GET /example HTTP/1.1" 404 14
::1 - [10/Jun/2016:22:54:11 +0800] "GET /example HTTP/1.1" 404 14
::1 - [10/Jun/2016:22:54:17 +0800] "GET /example.md HTTP/1.1" 200 1432
::1 - [10/Jun/2016:22:54:31 +0800] "GET /example.md HTTP/1.1" 200 1432
::1 - [10/Jun/2016:22:54:31 +0800] "GET /assets/css/bootstrap.min.css HTTP/1.1" 304 0
::1 - [10/Jun/2016:22:54:31 +0800] "GET /assets/js/bootstrap.min.js HTTP/1.1" 304 0
::1 - [10/Jun/2016:22:54:31 +0800] "GET /assets/css/custom.css HTTP/1.1" 304 0
::1 - [10/Jun/2016:22:54:31 +0800] "GET /assets/js/jquery-2.1.4.min.js HTTP/1.1" 304 0
::1 - [10/Jun/2016:22:54:31 +0800] "GET /assets/fonts/glyphicons-halflings-regular.woff HTTP/1.1" 304 0
::1 - [10/Jun/2016:22:54:35 +0800] "GET /docker.md HTTP/1.1" 200 2057
::1 - [10/Jun/2016:22:54:35 +0800] "GET /assets/css/bootstrap.min.css HTTP/1.1" 304 0
::1 - [10/Jun/2016:22:54:35 +0800] "GET /assets/css/custom.css HTTP/1.1" 304 0
::1 - [10/Jun/2016:22:54:35 +0800] "GET /assets/js/bootstrap.min.js HTTP/1.1" 304 0
::1 - [10/Jun/2016:22:54:35 +0800] "GET /assets/js/jquery-2.1.4.min.js HTTP/1.1" 304 0
::1 - [10/Jun/2016:22:54:35 +0800] "GET /assets/fonts/glyphicons-halflings-regular.woff HTTP/1.1" 304 0
::1 - [10/Jun/2016:22:57:29 +0800] "GET /docker.md HTTP/1.1" 200 782
::1 - [10/Jun/2016:22:57:31 +0800] "GET /docker.md HTTP/1.1" 200 782
::1 - [10/Jun/2016:22:57:45 +0800] "GET / HTTP/1.1" 404 14
::1 - [10/Jun/2016:22:57:57 +0800] "GET /static/css/custom.css HTTP/1.1" 200 515
::1 - [10/Jun/2016:22:58:29 +0800] "GET /docker.md HTTP/1.1" 200 782
::1 - [10/Jun/2016:22:59:02 +0800] "GET /docker.md HTTP/1.1" 200 782
::1 - [10/Jun/2016:22:59:07 +0800] "GET /docker.md HTTP/1.1" 200 2057
::1 - [10/Jun/2016:22:59:07 +0800] "GET /static/css/bootstrap.min.css HTTP/1.1" 200 122540
::1 - [10/Jun/2016:22:59:07 +0800] "GET /static/js/bootstrap.min.js HTTP/1.1" 200 36816
::1 - [10/Jun/2016:22:59:07 +0800] "GET /static/css/custom.css HTTP/1.1" 200 515
::1 - [10/Jun/2016:22:59:07 +0800] "GET /static/js/jquery-2.1.4.min.js HTTP/1.1" 200 84345
::1 - [10/Jun/2016:22:59:07 +0800] "GET /static/fonts/glyphicons-halflings-regular.woff HTTP/1.1" 200 23424
::1 - [10/Jun/2016:22:59:07 +0800] "GET /static/images/favicon.ico HTTP/1.1" 200 1273
::1 - [10/Jun/2016:23:00:04 +0800] "GET /example.md HTTP/1.1" 500 26
::1 - [10/Jun/2016:23:00:27 +0800] "GET /example.md HTTP/1.1" 500 26
::1 - [10/Jun/2016:23:00:49 +0800] "GET /example.md HTTP/1.1" 500 26
::1 - [10/Jun/2016:23:00:53 +0800] "GET /example.md HTTP/1.1" 500 26
::1 - [10/Jun/2016:23:01:57 +0800] "GET /example.md HTTP/1.1" 500 26
::1 - [10/Jun/2016:23:02:21 +0800] "GET /example.md HTTP/1.1" 500 26
::1 - [10/Jun/2016:23:02:40 +0800] "GET /example.md HTTP/1.1" 200 1432
::1 - [10/Jun/2016:23:02:40 +0800] "GET /static/css/bootstrap.min.css HTTP/1.1" 304 0
::1 - [10/Jun/2016:23:02:40 +0800] "GET /static/js/bootstrap.min.js HTTP/1.1" 304 0
::1 - [10/Jun/2016:23:02:40 +0800] "GET /static/css/custom.css HTTP/1.1" 304 0
::1 - [10/Jun/2016:23:02:40 +0800] "GET /static/js/jquery-2.1.4.min.js HTTP/1.1" 304 0
::1 - [10/Jun/2016:23:02:40 +0800] "GET /static/fonts/glyphicons-halflings-regular.woff HTTP/1.1" 304 0
::1 - [10/Jun/2016:23:03:08 +0800] "GET /example.md HTTP/1.1" 500 26
::1 - [10/Jun/2016:23:03:45 +0800] "GET /example.md HTTP/1.1" 200 1432
::1 - [10/Jun/2016:23:03:46 +0800] "GET /static/css/bootstrap.min.css HTTP/1.1" 304 0
::1 - [10/Jun/2016:23:03:46 +0800] "GET /static/css/custom.css HTTP/1.1" 304 0
::1 - [10/Jun/2016:23:03:46 +0800] "GET /static/js/jquery-2.1.4.min.js HTTP/1.1" 304 0
::1 - [10/Jun/2016:23:03:46 +0800] "GET /static/js/bootstrap.min.js HTTP/1.1" 304 0
::1 - [10/Jun/2016:23:03:46 +0800] "GET /static/fonts/glyphicons-halflings-regular.woff HTTP/1.1" 304 0
::1 - [10/Jun/2016:23:05:20 +0800] "GET /docker.md HTTP/1.1" 200 2057
::1 - [10/Jun/2016:23:05:20 +0800] "GET /static/css/bootstrap.min.css HTTP/1.1" 304 0
::1 - [10/Jun/2016:23:05:20 +0800] "GET /static/js/jquery-2.1.4.min.js HTTP/1.1" 304 0
::1 - [10/Jun/2016:23:05:20 +0800] "GET /static/js/bootstrap.min.js HTTP/1.1" 304 0
::1 - [10/Jun/2016:23:05:20 +0800] "GET /static/css/custom.css HTTP/1.1" 304 0
::1 - [10/Jun/2016:23:05:20 +0800] "GET /static/fonts/glyphicons-halflings-regular.woff HTTP/1.1" 304 0
::1 - [13/Jun/2016:23:00:19 +0800] "GET / HTTP/1.1" 404 14
::1 - [13/Jun/2016:23:01:29 +0800] "GET / HTTP/1.1" 404 14
::1 - [13/Jun/2016:23:01:30 +0800] "GET /docker.md HTTP/1.1" 200 1459
::1 - [13/Jun/2016:23:01:30 +0800] "GET /static/css/bootstrap.min.css HTTP/1.1" 200 122540
::1 - [13/Jun/2016:23:01:30 +0800] "GET /static/js/bootstrap.min.js HTTP/1.1" 304 0
::1 - [13/Jun/2016:23:01:30 +0800] "GET /static/js/jquery-2.1.4.min.js HTTP/1.1" 304 0
::1 - [13/Jun/2016:23:01:30 +0800] "GET /static/css/custom.css HTTP/1.1" 200 515
::1 - [13/Jun/2016:23:01:31 +0800] "GET /static/fonts/glyphicons-halflings-regular.woff HTTP/1.1" 200 23424
::1 - [13/Jun/2016:23:01:33 +0800] "GET /docker/docker.md HTTP/1.1" 200 2055
::1 - [13/Jun/2016:23:01:41 +0800] "GET / HTTP/1.1" 404 14
::1 - [13/Jun/2016:23:01:42 +0800] "GET / HTTP/1.1" 404 14
::1 - [13/Jun/2016:23:03:25 +0800] "GET / HTTP/1.1" 404 14
::1 - [13/Jun/2016:23:03:28 +0800] "GET / HTTP/1.1" 404 14
::1 - [13/Jun/2016:23:03:29 +0800] "GET /index HTTP/1.1" 404 14
::1 - [13/Jun/2016:23:03:30 +0800] "GET /index HTTP/1.1" 404 14
::1 - [13/Jun/2016:23:03:35 +0800] "GET /index.md HTTP/1.1" 500 26
::1 - [13/Jun/2016:23:03:41 +0800] "GET /index.md HTTP/1.1" 500 26
::1 - [13/Jun/2016:23:03:41 +0800] "GET /index HTTP/1.1" 404 14
::1 - [13/Jun/2016:23:03:42 +0800] "GET / HTTP/1.1" 404 14
::1 - [13/Jun/2016:23:03:46 +0800] "GET /docker.md HTTP/1.1" 200 1459
::1 - [13/Jun/2016:23:10:44 +0800] "GET /docker.md HTTP/1.1" 200 1860
::1 - [13/Jun/2016:23:10:44 +0800] "GET /static/css/bootstrap.min.css HTTP/1.1" 304 0
::1 - [13/Jun/2016:23:10:44 +0800] "GET /static/css/custom.css HTTP/1.1" 304 0
::1 - [13/Jun/2016:23:10:44 +0800] "GET /static/js/bootstrap.min.js HTTP/1.1" 304 0
::1 - [13/Jun/2016:23:10:44 +0800] "GET /static/js/jquery-2.1.4.min.js HTTP/1.1" 304 0
::1 - [13/Jun/2016:23:10:44 +0800] "GET /static/fonts/glyphicons-halflings-regular.woff HTTP/1.1" 304 0
::1 - [13/Jun/2016:23:10:47 +0800] "GET /golang/index.md HTTP/1.1" 200 1802
::1 - [13/Jun/2016:23:10:48 +0800] "GET /grpc/index.md HTTP/1.1" 200 1802
::1 - [13/Jun/2016:23:10:49 +0800] "GET /docker/index.md HTTP/1.1" 200 1860
::1 - [13/Jun/2016:23:10:50 +0800] "GET /docker/docker/docker.md HTTP/1.1" 500 26
::1 - [13/Jun/2016:23:11:09 +0800] "GET /docker/index.md HTTP/1.1" 200 1853
::1 - [13/Jun/2016:23:11:09 +0800] "GET /static/css/bootstrap.min.css HTTP/1.1" 304 0
::1 - [13/Jun/2016:23:11:09 +0800] "GET /static/css/custom.css HTTP/1.1" 304 0
::1 - [13/Jun/2016:23:11:09 +0800] "GET /static/js/bootstrap.min.js HTTP/1.1" 304 0
::1 - [13/Jun/2016:23:11:09 +0800] "GET /static/js/jquery-2.1.4.min.js HTTP/1.1" 304 0
::1 - [13/Jun/2016:23:11:09 +0800] "GET /static/fonts/glyphicons-halflings-regular.woff HTTP/1.1" 304 0
::1 - [13/Jun/2016:23:11:16 +0800] "GET / HTTP/1.1" 200 1802
::1 - [13/Jun/2016:23:11:18 +0800] "GET /docker/index.md HTTP/1.1" 200 1853
::1 - [13/Jun/2016:23:11:36 +0800] "GET /docker/index.md HTTP/1.1" 200 1853
::1 - [13/Jun/2016:23:11:37 +0800] "GET /database/index.md HTTP/1.1" 200 1802
::1 - [13/Jun/2016:23:11:39 +0800] "GET /docker/index.md HTTP/1.1" 200 1853
::1 - [13/Jun/2016:23:11:51 +0800] "GET /docker/index.md HTTP/1.1" 200 1853
::1 - [13/Jun/2016:23:12:22 +0800] "GET /docker/docker.md HTTP/1.1" 500 26
::1 - [13/Jun/2016:23:12:26 +0800] "GET /docker/abc.md HTTP/1.1" 200 2456
::1 - [13/Jun/2016:23:12:29 +0800] "GET /docker/index.md HTTP/1.1" 200 1853
::1 - [13/Jun/2016:23:12:30 +0800] "GET /docker/docker.md HTTP/1.1" 500 26
::1 - [13/Jun/2016:23:13:01 +0800] "GET /docker/index.md HTTP/1.1" 200 1853
::1 - [13/Jun/2016:23:13:01 +0800] "GET /static/css/bootstrap.min.css HTTP/1.1" 304 0
::1 - [13/Jun/2016:23:13:01 +0800] "GET /static/css/custom.css HTTP/1.1" 304 0
::1 - [13/Jun/2016:23:13:01 +0800] "GET /static/js/jquery-2.1.4.min.js HTTP/1.1" 304 0
::1 - [13/Jun/2016:23:13:01 +0800] "GET /static/js/bootstrap.min.js HTTP/1.1" 304 0
::1 - [13/Jun/2016:23:13:01 +0800] "GET /static/fonts/glyphicons-halflings-regular.woff HTTP/1.1" 304 0
::1 - [13/Jun/2016:23:13:04 +0800] "GET /docker/docker.md HTTP/1.1" 200 2456
::1 - [13/Jun/2016:23:13:06 +0800] "GET /grpc/index.md HTTP/1.1" 200 1802
